<?xml version="1.0" encoding="UTF-8"?><testsuite errors="1" failures="0" name="successfully create users" skipped="0" tests="1" time="4.98" timestamp="2022-11-21 05:54:15"><testcase name="create an user successfully"><error message="element click intercepted: Element &lt;a id=&quot;menuUserLink&quot; aria-label=&quot;UserMenu&quot; href=&quot;javascript:void(0)&quot; role=&quot;link&quot; class=&quot;img&quot; data-ng-click=&quot;login('loginMiniTitle')&quot; data-ng-mouseenter=&quot;miniTitleIn('loginMiniTitle')&quot; data-ng-mouseleave=&quot;miniTitleOut('loginMiniTitle')&quot;&gt;...&lt;/a&gt; is not clickable at point (1392, 34). Other element would receive the click: &lt;div class=&quot;loader&quot; style=&quot;display: block; opacity: 0.00175357;&quot;&gt;...&lt;/div&gt;&#10;  (Session info: chrome=107.0.5304.107)&#10;Build info: version: '3.141.59', revision: 'e82be7d358', time: '2018-11-14T08:17:03'&#10;System info: host: 'DESKTOP-SHN3JOM', ip: '192.168.80.15', os.name: 'Windows 11', os.arch: 'amd64', os.version: '10.0', java.version: '1.8.0_352'&#10;Driver info: org.openqa.selenium.chrome.ChromeDriver&#10;Capabilities {acceptInsecureCerts: false, browserName: chrome, browserVersion: 107.0.5304.107, chrome: {chromedriverVersion: 107.0.5304.62 (1eec40d3a576..., userDataDir: C:\Users\ASUS\AppData\Local...}, goog:chromeOptions: {debuggerAddress: localhost:56483}, javascriptEnabled: true, networkConnectionEnabled: false, pageLoadStrategy: normal, platform: WINDOWS, platformName: WINDOWS, proxy: Proxy(), setWindowRect: true, strictFileInteractability: false, timeouts: {implicit: 0, pageLoad: 300000, script: 30000}, unhandledPromptBehavior: dismiss and notify, webauthn:extension:credBlob: true, webauthn:extension:largeBlob: true, webauthn:virtualAuthenticators: true}&#10;Session ID: 427355351135c7e14dc2093f6e2b93c0" type="org.openqa.selenium.ElementClickInterceptedException">element click intercepted: Element &lt;a id="menuUserLink" aria-label="UserMenu" href="javascript:void(0)" role="link" class="img" data-ng-click="login('loginMiniTitle')" data-ng-mouseenter="miniTitleIn('loginMiniTitle')" data-ng-mouseleave="miniTitleOut('loginMiniTitle')"&gt;...&lt;/a&gt; is not clickable at point (1392, 34). Other element would receive the click: &lt;div class="loader" style="display: block; opacity: 0.00175357;"&gt;...&lt;/div&gt;
  (Session info: chrome=107.0.5304.107)
Build info: version: '3.141.59', revision: 'e82be7d358', time: '2018-11-14T08:17:03'
System info: host: 'DESKTOP-SHN3JOM', ip: '192.168.80.15', os.name: 'Windows 11', os.arch: 'amd64', os.version: '10.0', java.version: '1.8.0_352'
Driver info: org.openqa.selenium.chrome.ChromeDriver
Capabilities {acceptInsecureCerts: false, browserName: chrome, browserVersion: 107.0.5304.107, chrome: {chromedriverVersion: 107.0.5304.62 (1eec40d3a576..., userDataDir: C:\Users\ASUS\AppData\Local...}, goog:chromeOptions: {debuggerAddress: localhost:56483}, javascriptEnabled: true, networkConnectionEnabled: false, pageLoadStrategy: normal, platform: WINDOWS, platformName: WINDOWS, proxy: Proxy(), setWindowRect: true, strictFileInteractability: false, timeouts: {implicit: 0, pageLoad: 300000, script: 30000}, unhandledPromptBehavior: dismiss and notify, webauthn:extension:credBlob: true, webauthn:extension:largeBlob: true, webauthn:virtualAuthenticators: true}
Session ID: 427355351135c7e14dc2093f6e2b93c0</error><system-err>element click intercepted: Element &lt;a id="menuUserLink" aria-label="UserMenu" href="javascript:void(0)" role="link" class="img" data-ng-click="login('loginMiniTitle')" data-ng-mouseenter="miniTitleIn('loginMiniTitle')" data-ng-mouseleave="miniTitleOut('loginMiniTitle')"&gt;...&lt;/a&gt; is not clickable at point (1392, 34). Other element would receive the click: &lt;div class="loader" style="display: block; opacity: 0.00175357;"&gt;...&lt;/div&gt;
  (Session info: chrome=107.0.5304.107)
Build info: version: '3.141.59', revision: 'e82be7d358', time: '2018-11-14T08:17:03'
System info: host: 'DESKTOP-SHN3JOM', ip: '192.168.80.15', os.name: 'Windows 11', os.arch: 'amd64', os.version: '10.0', java.version: '1.8.0_352'
Driver info: org.openqa.selenium.chrome.ChromeDriver
Capabilities {acceptInsecureCerts: false, browserName: chrome, browserVersion: 107.0.5304.107, chrome: {chromedriverVersion: 107.0.5304.62 (1eec40d3a576..., userDataDir: C:\Users\ASUS\AppData\Local...}, goog:chromeOptions: {debuggerAddress: localhost:56483}, javascriptEnabled: true, networkConnectionEnabled: false, pageLoadStrategy: normal, platform: WINDOWS, platformName: WINDOWS, proxy: Proxy(), setWindowRect: true, strictFileInteractability: false, timeouts: {implicit: 0, pageLoad: 300000, script: 30000}, unhandledPromptBehavior: dismiss and notify, webauthn:extension:credBlob: true, webauthn:extension:largeBlob: true, webauthn:virtualAuthenticators: true}
Session ID: 427355351135c7e14dc2093f6e2b93c0&#13;
co.com.empresamao.areait.advantage.tasks.CreateUsers.performAs(CreateUsers.java:17)&#13;
co.com.empresamao.areait.advantage.stepdefinitions.CreateUsersSteps.iEnterTheInformationToCreateTheUser(CreateUsersSteps.java:26)&#13;
cucumber.runner.Runner.runPickle(Runner.java:80)&#13;
worker.org.gradle.process.internal.worker.GradleWorkerMain.run(GradleWorkerMain.java:69)&#13;
worker.org.gradle.process.internal.worker.GradleWorkerMain.main(GradleWorkerMain.java:74)&#13;
</system-err></testcase></testsuite>