<?xml version="1.0" encoding="UTF-8"?><testsuite errors="0" failures="1" name="Buy a product" skipped="0" tests="1" time="26.12" timestamp="2022-11-21 05:53:46"><testcase name="Buy a product successfully"><failure message="&#10;Expected: an element that is visible&#10;     but: no matching element found by id: next_btn" type="java.lang.AssertionError">
Expected: an element that is visible
     but: no matching element found by id: next_btn</failure><system-err>
Expected: an element that is visible
     but: no matching element found by id: next_btn&#13;
co.com.empresamao.areait.advantage.tasks.BuyProducts.performAs(BuyProducts.java:16)&#13;
co.com.empresamao.areait.advantage.stepdefinitions.BuyProductSteps.iEnterTheInformationToBuyAProduct(BuyProductSteps.java:26)&#13;
cucumber.runner.Runner.runPickle(Runner.java:80)&#13;
worker.org.gradle.process.internal.worker.GradleWorkerMain.run(GradleWorkerMain.java:69)&#13;
worker.org.gradle.process.internal.worker.GradleWorkerMain.main(GradleWorkerMain.java:74)&#13;
</system-err></testcase></testsuite>