<?xml version="1.0" encoding="UTF-8"?>
<testsuite name="successfully create users" tests="1" skipped="0" failures="0" errors="0" timestamp="2022-12-23T15:49:05" hostname="NIDO-LAPTOP" time="26.334">
  <properties/>
  <testcase name="create an user successfully" classname="successfully create users" time="26.334"/>
  <system-out><![CDATA[]]></system-out>
  <system-err><![CDATA[Starting ChromeDriver 107.0.5304.62 (1eec40d3a5764881c92085aaee66d25075c159aa-refs/branch-heads/5304@{#942}) on port 55547
Only local connections are allowed.
Please see https://chromedriver.chromium.org/security-considerations for suggestions on keeping ChromeDriver safe.
ChromeDriver was started successfully.
[1671810546.997][WARNING]: This version of ChromeDriver has not been tested with Chrome version 108.
dic 23, 2022 10:49:07 AM org.openqa.selenium.remote.ProtocolHandshake createSession
INFORMACIÓN: Detected dialect: W3C
[Test worker] INFO net.thucydides.core.steps.ConsoleLoggingListener - 
        __    _____ _____ ____ _____   ____   _    ____  ____  _____ ____  
  _     \ \  |_   _| ____/ ___|_   _| |  _ \ / \  / ___|/ ___|| ____|  _ \ 
 (_)_____| |   | | |  _| \___ \ | |   | |_) / _ \ \___ \\___ \|  _| | | | |
  _|_____| |   | | | |___ ___) || |   |  __/ ___ \ ___) |___) | |___| |_| |
 (_)     | |   |_| |_____|____/ |_|   |_| /_/   \_\____/|____/|_____|____/ 
        /_/                                                                

TEST PASSED: create an user successfully
----------------------------------------------------------------------------
]]></system-err>
</testsuite>
