<?xml version="1.0" encoding="UTF-8"?><testsuite errors="1" failures="0" name="successful login users" skipped="0" tests="1" time="2.64" timestamp="2023-03-21 09:10:37"><testcase name="create an user successfully"><error message="Connection refused: connect" type="java.net.ConnectException">Connection refused: connect</error><system-err>Connection refused: connect&#13;
okhttp3.internal.platform.Platform.connectSocket(Platform.java:129)&#13;
okhttp3.internal.connection.RealConnection.connectSocket(RealConnection.java:245)&#13;
okhttp3.internal.connection.RealConnection.connect(RealConnection.java:165)&#13;
okhttp3.internal.connection.StreamAllocation.findConnection(StreamAllocation.java:257)&#13;
okhttp3.internal.connection.StreamAllocation.findHealthyConnection(StreamAllocation.java:135)&#13;
okhttp3.internal.connection.StreamAllocation.newStream(StreamAllocation.java:114)&#13;
okhttp3.internal.connection.ConnectInterceptor.intercept(ConnectInterceptor.java:42)&#13;
okhttp3.internal.http.RealInterceptorChain.proceed(RealInterceptorChain.java:147)&#13;
okhttp3.internal.http.RealInterceptorChain.proceed(RealInterceptorChain.java:121)&#13;
okhttp3.internal.cache.CacheInterceptor.intercept(CacheInterceptor.java:93)&#13;
okhttp3.internal.http.RealInterceptorChain.proceed(RealInterceptorChain.java:147)&#13;
okhttp3.internal.http.RealInterceptorChain.proceed(RealInterceptorChain.java:121)&#13;
okhttp3.internal.http.BridgeInterceptor.intercept(BridgeInterceptor.java:93)&#13;
okhttp3.internal.http.RealInterceptorChain.proceed(RealInterceptorChain.java:147)&#13;
okhttp3.internal.http.RetryAndFollowUpInterceptor.intercept(RetryAndFollowUpInterceptor.java:126)&#13;
okhttp3.internal.http.RealInterceptorChain.proceed(RealInterceptorChain.java:147)&#13;
okhttp3.internal.http.RealInterceptorChain.proceed(RealInterceptorChain.java:121)&#13;
okhttp3.RealCall.getResponseWithInterceptorChain(RealCall.java:200)&#13;
okhttp3.RealCall.execute(RealCall.java:77)&#13;
io.appium.java_client.remote.AppiumCommandExecutor.createSession(AppiumCommandExecutor.java:217)&#13;
io.appium.java_client.remote.AppiumCommandExecutor.execute(AppiumCommandExecutor.java:239)&#13;
io.appium.java_client.DefaultGenericMobileDriver.execute(DefaultGenericMobileDriver.java:41)&#13;
io.appium.java_client.AppiumDriver.execute(AppiumDriver.java:1)&#13;
io.appium.java_client.android.AndroidDriver.execute(AndroidDriver.java:1)&#13;
io.appium.java_client.AppiumDriver.startSession(AppiumDriver.java:323)&#13;
io.appium.java_client.DefaultGenericMobileDriver.&lt;init&gt;(DefaultGenericMobileDriver.java:37)&#13;
io.appium.java_client.AppiumDriver.&lt;init&gt;(AppiumDriver.java:86)&#13;
io.appium.java_client.AppiumDriver.&lt;init&gt;(AppiumDriver.java:96)&#13;
io.appium.java_client.android.AndroidDriver.&lt;init&gt;(AndroidDriver.java:94)&#13;
co.com.empresamao.areait.advantageMobile.utils.AppiumDriver.app(AppiumDriver.java:20)&#13;
co.com.empresamao.areait.advantageMobile.stepdefinitions.CreateUserSteps.iWantToGoToThePageOfAdvantageDemo(CreateUserSteps.java:23)&#13;
cucumber.runner.Runner.runPickle(Runner.java:80)&#13;
worker.org.gradle.process.internal.worker.GradleWorkerMain.run(GradleWorkerMain.java:69)&#13;
worker.org.gradle.process.internal.worker.GradleWorkerMain.main(GradleWorkerMain.java:74)&#13;
</system-err></testcase></testsuite>