<?xml version="1.0" encoding="UTF-8"?><testsuite errors="0" failures="1" name="Buy a product" skipped="0" tests="1" time="33.51" timestamp="2023-01-26 03:41:54"><testcase name="Buy a product successfully"><failure message="Expected enabled element was not enabled" type="net.thucydides.core.webdriver.exceptions.ElementShouldBeEnabledException">Expected enabled element was not enabled</failure><system-err>Expected enabled element was not enabled&#13;
co.com.empresamao.areait.advantageMobile.tasks.BuyProduct.performAs(BuyProduct.java:13)&#13;
co.com.empresamao.areait.advantageMobile.stepdefinitions.BuyProductSteps.iEnterTheInformationToBuyAProduct(BuyProductSteps.java:29)&#13;
cucumber.runner.Runner.runPickle(Runner.java:80)&#13;
worker.org.gradle.process.internal.worker.GradleWorkerMain.run(GradleWorkerMain.java:69)&#13;
worker.org.gradle.process.internal.worker.GradleWorkerMain.main(GradleWorkerMain.java:74)&#13;
</system-err></testcase></testsuite>